<?xml version="1.0" encoding="UTF-8"?>
<!-- Generated by org.testng.reporters.JUnitReportReporter -->
<testsuite hostname="SYPULCND1166F7V" failures="0" tests="1" name="com.tendable.Tests.ContactUsTest" time="9.567" errors="0" timestamp="2023-12-16T02:20:43 IST" skipped="0">
  <testcase classname="com.tendable.Tests.ContactUsTest" name="contactUsTest" time="9.567"/>
  <system-out/>
</testsuite> <!-- com.tendable.Tests.ContactUsTest -->
