<?xml version="1.0" encoding="UTF-8"?>
<!-- Generated by org.testng.reporters.JUnitReportReporter -->
<testsuite hostname="SYPULCND1166F7V" failures="0" tests="2" name="com.tendable.Tests.HomePageTest" time="14.312" errors="0" timestamp="2023-12-16T02:20:43 IST" skipped="0">
  <testcase classname="com.tendable.Tests.HomePageTest" name="verifyTendableLogo" time="6.632"/>
  <system-out/>
  <testcase classname="com.tendable.Tests.HomePageTest" name="verifyRequestDemo" time="7.680"/>
  <system-out/>
</testsuite> <!-- com.tendable.Tests.HomePageTest -->
