<?xml version="1.0" encoding="UTF-8"?>
<!-- Generated by org.testng.reporters.JUnitReportReporter -->
<testsuite hostname="SYPULCND1166F7V" failures="0" tests="2" name="TestNGPractice.Day3" time="0.001" errors="0" timestamp="2023-11-15T11:22:28 IST" skipped="0">
  <testcase classname="TestNGPractice.Day3" name="webLoginCarLoan" time="0.001"/>
  <system-out/>
  <testcase classname="TestNGPractice.Day3" name="loginAPIcarloan" time="0.000"/>
  <system-out/>
</testsuite> <!-- TestNGPractice.Day3 -->
