<?xml version="1.0" encoding="UTF-8"?>
<!-- Generated by org.testng.reporters.JUnitReportReporter -->
<testsuite hostname="SYPULCND1166F7V" failures="0" tests="2" name="TestNGPractice.Day1" time="0.005" errors="0" timestamp="2023-11-15T11:22:28 IST" skipped="0">
  <testcase classname="TestNGPractice.Day1" name="secondTest" time="0.001"/>
  <system-out/>
  <testcase classname="TestNGPractice.Day1" name="demo" time="0.004"/>
  <system-out/>
</testsuite> <!-- TestNGPractice.Day1 -->
