<?xml version="1.0" encoding="UTF-8"?>
<!-- Generated by org.testng.reporters.JUnitReportReporter -->
<testsuite hostname="SYPULCND1166F7V" failures="0" tests="1" name="TestNGPractice.Day4" time="0.001" errors="0" timestamp="2023-11-15T11:22:28 IST" skipped="0">
  <testcase classname="TestNGPractice.Day4" name="webLoginHomeLoan" time="0.001"/>
  <system-out/>
</testsuite> <!-- TestNGPractice.Day4 -->
